[INFO  - 2016-11-12T11:41:04.457Z] GhostDriver - Main - running on port 3830
[INFO  - 2016-11-12T11:41:04.972Z] Session [e4f89570-a8cc-11e6-9c05-ed4ee9c8a112] - page.settings - {"XSSAuditingEnabled":false,"javascriptCanCloseWindows":true,"javascriptCanOpenWindows":true,"javascriptEnabled":true,"loadImages":true,"localToRemoteUrlAccessEnabled":false,"userAgent":"Mozilla/5.0 (Macintosh; Intel Mac OS X) AppleWebKit/538.1 (KHTML, like Gecko) PhantomJS/2.1.1 Safari/538.1","webSecurityEnabled":true}
[INFO  - 2016-11-12T11:41:04.972Z] Session [e4f89570-a8cc-11e6-9c05-ed4ee9c8a112] - page.customHeaders:  - {}
[INFO  - 2016-11-12T11:41:04.972Z] Session [e4f89570-a8cc-11e6-9c05-ed4ee9c8a112] - Session.negotiatedCapabilities - {"browserName":"phantomjs","version":"2.1.1","driverName":"ghostdriver","driverVersion":"1.2.0","platform":"mac-10.11 (El Capitan)-64bit","javascriptEnabled":true,"takesScreenshot":true,"handlesAlerts":false,"databaseEnabled":false,"locationContextEnabled":false,"applicationCacheEnabled":false,"browserConnectionEnabled":false,"cssSelectorsEnabled":true,"webStorageEnabled":false,"rotatable":false,"acceptSslCerts":false,"nativeEvents":true,"proxy":{"proxyType":"direct"}}
[INFO  - 2016-11-12T11:41:04.972Z] SessionManagerReqHand - _postNewSessionCommand - New Session Created: e4f89570-a8cc-11e6-9c05-ed4ee9c8a112
[INFO  - 2016-11-12T11:46:04.465Z] SessionManagerReqHand - _cleanupWindowlessSessions - Asynchronous Sessions clean-up phase starting NOW
[INFO  - 2016-11-12T11:51:09.161Z] GhostDriver - Main - running on port 32035
[INFO  - 2016-11-12T11:51:09.447Z] Session [4d447440-a8ce-11e6-bffd-bbdab0baf8da] - page.settings - {"XSSAuditingEnabled":false,"javascriptCanCloseWindows":true,"javascriptCanOpenWindows":true,"javascriptEnabled":true,"loadImages":true,"localToRemoteUrlAccessEnabled":false,"userAgent":"Mozilla/5.0 (Macintosh; Intel Mac OS X) AppleWebKit/538.1 (KHTML, like Gecko) PhantomJS/2.1.1 Safari/538.1","webSecurityEnabled":true}
[INFO  - 2016-11-12T11:51:09.448Z] Session [4d447440-a8ce-11e6-bffd-bbdab0baf8da] - page.customHeaders:  - {}
[INFO  - 2016-11-12T11:51:09.448Z] Session [4d447440-a8ce-11e6-bffd-bbdab0baf8da] - Session.negotiatedCapabilities - {"browserName":"phantomjs","version":"2.1.1","driverName":"ghostdriver","driverVersion":"1.2.0","platform":"mac-10.11 (El Capitan)-64bit","javascriptEnabled":true,"takesScreenshot":true,"handlesAlerts":false,"databaseEnabled":false,"locationContextEnabled":false,"applicationCacheEnabled":false,"browserConnectionEnabled":false,"cssSelectorsEnabled":true,"webStorageEnabled":false,"rotatable":false,"acceptSslCerts":false,"nativeEvents":true,"proxy":{"proxyType":"direct"}}
[INFO  - 2016-11-12T11:51:09.448Z] SessionManagerReqHand - _postNewSessionCommand - New Session Created: 4d447440-a8ce-11e6-bffd-bbdab0baf8da
[INFO  - 2016-11-12T11:52:29.411Z] ShutdownReqHand - _handle - About to shutdown
[INFO  - 2017-07-29T23:28:29.338Z] GhostDriver - Main - running on port 43248
[INFO  - 2017-07-29T23:28:29.856Z] Session [a1148a70-74b5-11e7-9e33-05ca669dab94] - page.settings - {"XSSAuditingEnabled":false,"javascriptCanCloseWindows":true,"javascriptCanOpenWindows":true,"javascriptEnabled":true,"loadImages":true,"localToRemoteUrlAccessEnabled":false,"userAgent":"Mozilla/5.0 (Macintosh; Intel Mac OS X) AppleWebKit/538.1 (KHTML, like Gecko) PhantomJS/2.1.1 Safari/538.1","webSecurityEnabled":true}
[INFO  - 2017-07-29T23:28:29.856Z] Session [a1148a70-74b5-11e7-9e33-05ca669dab94] - page.customHeaders:  - {}
[INFO  - 2017-07-29T23:28:29.856Z] Session [a1148a70-74b5-11e7-9e33-05ca669dab94] - Session.negotiatedCapabilities - {"browserName":"phantomjs","version":"2.1.1","driverName":"ghostdriver","driverVersion":"1.2.0","platform":"mac-10.11 (El Capitan)-64bit","javascriptEnabled":true,"takesScreenshot":true,"handlesAlerts":false,"databaseEnabled":false,"locationContextEnabled":false,"applicationCacheEnabled":false,"browserConnectionEnabled":false,"cssSelectorsEnabled":true,"webStorageEnabled":false,"rotatable":false,"acceptSslCerts":false,"nativeEvents":true,"proxy":{"proxyType":"direct"}}
[INFO  - 2017-07-29T23:28:29.856Z] SessionManagerReqHand - _postNewSessionCommand - New Session Created: a1148a70-74b5-11e7-9e33-05ca669dab94
[INFO  - 2017-07-29T23:28:38.901Z] ShutdownReqHand - _handle - About to shutdown
[INFO  - 2017-07-29T23:28:40.489Z] GhostDriver - Main - running on port 27041
[INFO  - 2017-07-29T23:28:40.636Z] Session [a7823380-74b5-11e7-bcfa-451d330b9fa5] - page.settings - {"XSSAuditingEnabled":false,"javascriptCanCloseWindows":true,"javascriptCanOpenWindows":true,"javascriptEnabled":true,"loadImages":true,"localToRemoteUrlAccessEnabled":false,"userAgent":"Mozilla/5.0 (Macintosh; Intel Mac OS X) AppleWebKit/538.1 (KHTML, like Gecko) PhantomJS/2.1.1 Safari/538.1","webSecurityEnabled":true}
[INFO  - 2017-07-29T23:28:40.636Z] Session [a7823380-74b5-11e7-bcfa-451d330b9fa5] - page.customHeaders:  - {}
[INFO  - 2017-07-29T23:28:40.636Z] Session [a7823380-74b5-11e7-bcfa-451d330b9fa5] - Session.negotiatedCapabilities - {"browserName":"phantomjs","version":"2.1.1","driverName":"ghostdriver","driverVersion":"1.2.0","platform":"mac-10.11 (El Capitan)-64bit","javascriptEnabled":true,"takesScreenshot":true,"handlesAlerts":false,"databaseEnabled":false,"locationContextEnabled":false,"applicationCacheEnabled":false,"browserConnectionEnabled":false,"cssSelectorsEnabled":true,"webStorageEnabled":false,"rotatable":false,"acceptSslCerts":false,"nativeEvents":true,"proxy":{"proxyType":"direct"}}
[INFO  - 2017-07-29T23:28:40.636Z] SessionManagerReqHand - _postNewSessionCommand - New Session Created: a7823380-74b5-11e7-bcfa-451d330b9fa5
[INFO  - 2017-07-29T23:28:46.497Z] ShutdownReqHand - _handle - About to shutdown
